d:\study\remotcontrol\hellowty412\remotectrl\remotectrl\x64\debug\remotectrl.pch
d:\study\remotcontrol\hellowty412\remotectrl\remotectrl\x64\debug\pch.obj
d:\study\remotcontrol\hellowty412\remotectrl\remotectrl\x64\debug\tool.obj
d:\study\remotcontrol\hellowty412\remotectrl\remotectrl\x64\debug\serversocket.obj
d:\study\remotcontrol\hellowty412\remotectrl\remotectrl\x64\debug\remotectrl.obj
d:\study\remotcontrol\hellowty412\remotectrl\remotectrl\x64\debug\lockinfodialog.obj
d:\study\remotcontrol\hellowty412\remotectrl\remotectrl\x64\debug\cserver.obj
d:\study\remotcontrol\hellowty412\remotectrl\remotectrl\x64\debug\command.obj
c:\users\。。。\appdata\local\tempvc.pdb
d:\study\remotcontrol\hellowty412\remotectrl\remotectrl\x64\debug\remotectrl.ilk
d:\study\remotcontrol\hellowty412\remotectrl\x64\debug\remotectrl.exe
c:\users\。。。\appdata\local\temp.pdb
d:\study\remotcontrol\hellowty412\remotectrl\remotectrl\x64\debug\remotectrl.res
d:\study\remotcontrol\hellowty412\remotectrl\remotectrl\x64\debug\remotectrl.tlog\cl.command.1.tlog
d:\study\remotcontrol\hellowty412\remotectrl\remotectrl\x64\debug\remotectrl.tlog\cl.items.tlog
d:\study\remotcontrol\hellowty412\remotectrl\remotectrl\x64\debug\remotectrl.tlog\cl.read.1.tlog
d:\study\remotcontrol\hellowty412\remotectrl\remotectrl\x64\debug\remotectrl.tlog\cl.write.1.tlog
d:\study\remotcontrol\hellowty412\remotectrl\remotectrl\x64\debug\remotectrl.tlog\link.command.1.tlog
d:\study\remotcontrol\hellowty412\remotectrl\remotectrl\x64\debug\remotectrl.tlog\link.read.1.tlog
d:\study\remotcontrol\hellowty412\remotectrl\remotectrl\x64\debug\remotectrl.tlog\link.write.1.tlog
d:\study\remotcontrol\hellowty412\remotectrl\remotectrl\x64\debug\remotectrl.tlog\rc.command.1.tlog
d:\study\remotcontrol\hellowty412\remotectrl\remotectrl\x64\debug\remotectrl.tlog\rc.read.1.tlog
d:\study\remotcontrol\hellowty412\remotectrl\remotectrl\x64\debug\remotectrl.tlog\rc.write.1.tlog
